<?xml version="1.0" encoding="UTF-8"?>
<testng-results ignored="0" total="2" passed="2" failed="0" skipped="0">
  <reporter-output>
  </reporter-output>
  <suite started-at="2023-02-20T00:29:19 IST" name="Default suite" finished-at="2023-02-20T00:30:11 IST" duration-ms="52764">
    <groups>
      <group name="openmakeMyTrip">
        <method signature="LaunchWeb.openurl()[pri:0, instance:MakeMyTrip.Test.LaunchWeb@27462a88]" name="openurl" class="MakeMyTrip.Test.LaunchWeb"/>
      </group> <!-- openmakeMyTrip -->
    </groups>
    <test started-at="2023-02-20T00:29:19 IST" name="Default test" finished-at="2023-02-20T00:30:11 IST" duration-ms="52764">
      <class name="MakeMyTrip.Test.LaunchWeb">
        <test-method signature="openurl()[pri:0, instance:MakeMyTrip.Test.LaunchWeb@27462a88]" started-at="2023-02-20T00:29:19 IST" name="openurl" finished-at="2023-02-20T00:29:34 IST" duration-ms="14790" status="PASS">
          <reporter-output>
          </reporter-output>
        </test-method> <!-- openurl -->
      </class> <!-- MakeMyTrip.Test.LaunchWeb -->
      <class name="MakeMyTrip.Test.HomePageTest">
        <test-method signature="homepageTest()[pri:0, instance:MakeMyTrip.Test.HomePageTest@59505b48]" started-at="2023-02-20T00:29:34 IST" name="homepageTest" depends-on-groups="openmakeMyTrip" finished-at="2023-02-20T00:30:11 IST" duration-ms="37825" status="PASS">
          <reporter-output>
          </reporter-output>
        </test-method> <!-- homepageTest -->
      </class> <!-- MakeMyTrip.Test.HomePageTest -->
    </test> <!-- Default test -->
  </suite> <!-- Default suite -->
</testng-results>
